c:\users\tyler\source\repos\2dgameengine\2dgameengine\debug\vc143.pdb
c:\users\tyler\source\repos\2dgameengine\2dgameengine\debug\vc143.idb
c:\users\tyler\source\repos\2dgameengine\2dgameengine\debug\main.obj
c:\users\tyler\source\repos\2dgameengine\2dgameengine\debug\imgui_widgets.obj
c:\users\tyler\source\repos\2dgameengine\2dgameengine\debug\imgui_sdl.obj
c:\users\tyler\source\repos\2dgameengine\2dgameengine\debug\imgui_draw.obj
c:\users\tyler\source\repos\2dgameengine\2dgameengine\debug\imgui_demo.obj
c:\users\tyler\source\repos\2dgameengine\2dgameengine\debug\imgui.obj
c:\users\tyler\source\repos\2dgameengine\2dgameengine\debug\glm.obj
c:\users\tyler\source\repos\2dgameengine\2dgameengine\debug\game.obj
c:\users\tyler\source\repos\2dgameengine\debug\2dgameengine.exe
c:\users\tyler\source\repos\2dgameengine\debug\2dgameengine.pdb
c:\users\tyler\source\repos\2dgameengine\2dgameengine\debug\2dgameengine.ilk
c:\users\tyler\source\repos\2dgameengine\2dgameengine\debug\2dgameengine.tlog\cl.command.1.tlog
c:\users\tyler\source\repos\2dgameengine\2dgameengine\debug\2dgameengine.tlog\cl.items.tlog
c:\users\tyler\source\repos\2dgameengine\2dgameengine\debug\2dgameengine.tlog\cl.read.1.tlog
c:\users\tyler\source\repos\2dgameengine\2dgameengine\debug\2dgameengine.tlog\cl.write.1.tlog
c:\users\tyler\source\repos\2dgameengine\2dgameengine\debug\2dgameengine.tlog\link.command.1.tlog
c:\users\tyler\source\repos\2dgameengine\2dgameengine\debug\2dgameengine.tlog\link.read.1.tlog
c:\users\tyler\source\repos\2dgameengine\2dgameengine\debug\2dgameengine.tlog\link.secondary.1.tlog
c:\users\tyler\source\repos\2dgameengine\2dgameengine\debug\2dgameengine.tlog\link.write.1.tlog
